TN:
SF:src/config/defaults.js
FNF:0
FNH:0
DA:5,1
DA:39,1
LF:2
LH:2
BRF:0
BRH:0
end_of_record
TN:
SF:src/core/config.js
FN:14,(anonymous_0)
FN:21,(anonymous_1)
FN:31,(anonymous_2)
FN:42,(anonymous_3)
FN:88,(anonymous_4)
FN:98,(anonymous_5)
FN:106,(anonymous_6)
FN:115,(anonymous_7)
FN:124,(anonymous_8)
FN:137,(anonymous_9)
FN:148,(anonymous_10)
FN:166,(anonymous_11)
FN:179,(anonymous_12)
FN:192,(anonymous_13)
FN:220,(anonymous_14)
FN:222,(anonymous_15)
FN:239,(anonymous_16)
FN:260,(anonymous_17)
FN:278,(anonymous_18)
FN:306,(anonymous_19)
FN:319,(anonymous_20)
FN:331,(anonymous_21)
FNF:22
FNH:22
FNDA:22,(anonymous_0)
FNDA:18,(anonymous_1)
FNDA:43,(anonymous_2)
FNDA:6,(anonymous_3)
FNDA:16,(anonymous_4)
FNDA:29,(anonymous_5)
FNDA:6,(anonymous_6)
FNDA:17,(anonymous_7)
FNDA:54,(anonymous_8)
FNDA:46,(anonymous_9)
FNDA:4,(anonymous_10)
FNDA:9,(anonymous_11)
FNDA:11,(anonymous_12)
FNDA:29,(anonymous_13)
FNDA:1458,(anonymous_14)
FNDA:540,(anonymous_15)
FNDA:83,(anonymous_16)
FNDA:46,(anonymous_17)
FNDA:40,(anonymous_18)
FNDA:36,(anonymous_19)
FNDA:299,(anonymous_20)
FNDA:31,(anonymous_21)
DA:5,1
DA:6,1
DA:7,1
DA:8,1
DA:15,22
DA:16,22
DA:22,18
DA:23,18
DA:32,43
DA:33,43
DA:44,6
DA:45,2
DA:46,2
DA:47,2
DA:48,1
DA:51,1
DA:52,0
DA:54,1
DA:58,5
DA:60,5
DA:62,1
DA:63,1
DA:66,4
DA:67,4
DA:68,4
DA:69,3
DA:70,3
DA:72,2
DA:73,1
DA:75,1
DA:76,1
DA:78,0
DA:90,16
DA:91,5
DA:95,11
DA:96,11
DA:98,29
DA:107,6
DA:116,17
DA:125,54
DA:126,4
DA:129,50
DA:138,46
DA:139,40
DA:140,36
DA:141,31
DA:149,4
DA:151,4
DA:152,5
DA:153,5
DA:154,3
DA:158,1
DA:167,9
DA:168,9
DA:170,2
DA:180,11
DA:181,1
DA:183,10
DA:194,29
DA:195,1
DA:199,28
DA:207,28
DA:208,13
DA:211,28
DA:212,28
DA:221,1458
DA:222,540
DA:224,270
DA:225,270
DA:226,864
DA:227,864
DA:230,270
DA:240,83
DA:241,66
DA:242,66
DA:243,33
DA:244,0
DA:246,33
DA:248,33
DA:252,83
DA:261,46
DA:262,0
DA:265,46
DA:266,46
DA:267,172
DA:268,6
DA:279,40
DA:280,0
DA:283,40
DA:284,40
DA:285,40
DA:286,1
DA:290,39
DA:291,1
DA:294,38
DA:295,38
DA:296,2
DA:307,36
DA:308,0
DA:311,36
DA:312,36
DA:313,102
DA:314,102
DA:315,3
DA:319,299
DA:320,2
DA:332,31
DA:333,0
DA:336,31
DA:337,31
DA:338,61
DA:339,2
DA:345,1
LF:113
LH:106
BRDA:31,0,0,18
BRDA:44,1,0,2
BRDA:44,1,1,4
BRDA:47,2,0,1
BRDA:47,2,1,1
BRDA:51,3,0,0
BRDA:51,3,1,1
BRDA:58,4,0,5
BRDA:58,4,1,4
BRDA:60,5,0,1
BRDA:60,5,1,4
BRDA:60,6,0,5
BRDA:60,6,1,4
BRDA:72,7,0,1
BRDA:72,7,1,1
BRDA:75,8,0,1
BRDA:75,8,1,0
BRDA:90,9,0,5
BRDA:90,9,1,11
BRDA:90,10,0,16
BRDA:90,10,1,6
BRDA:125,11,0,4
BRDA:125,11,1,50
BRDA:125,12,0,54
BRDA:125,12,1,50
BRDA:153,13,0,3
BRDA:153,13,1,2
BRDA:180,14,0,1
BRDA:180,14,1,10
BRDA:194,15,0,1
BRDA:194,15,1,28
BRDA:207,16,0,13
BRDA:207,16,1,15
BRDA:221,17,0,1026
BRDA:221,17,1,432
BRDA:221,18,0,1458
BRDA:221,18,1,1458
BRDA:222,19,0,162
BRDA:222,19,1,270
BRDA:226,20,0,864
BRDA:226,20,1,0
BRDA:241,21,0,66
BRDA:241,21,1,0
BRDA:242,22,0,33
BRDA:242,22,1,33
BRDA:242,23,0,66
BRDA:242,23,1,62
BRDA:242,23,2,45
BRDA:243,24,0,0
BRDA:243,24,1,33
BRDA:243,25,0,33
BRDA:243,25,1,33
BRDA:261,26,0,0
BRDA:261,26,1,46
BRDA:261,27,0,46
BRDA:261,27,1,46
BRDA:267,28,0,6
BRDA:267,28,1,166
BRDA:267,29,0,172
BRDA:267,29,1,172
BRDA:279,30,0,0
BRDA:279,30,1,40
BRDA:279,31,0,40
BRDA:279,31,1,40
BRDA:283,32,0,40
BRDA:283,32,1,0
BRDA:285,33,0,1
BRDA:285,33,1,39
BRDA:290,34,0,1
BRDA:290,34,1,38
BRDA:290,35,0,39
BRDA:290,35,1,39
BRDA:294,36,0,38
BRDA:294,36,1,0
BRDA:295,37,0,2
BRDA:295,37,1,36
BRDA:295,38,0,38
BRDA:295,38,1,37
BRDA:307,39,0,0
BRDA:307,39,1,36
BRDA:307,40,0,36
BRDA:307,40,1,36
BRDA:313,41,0,102
BRDA:313,41,1,0
BRDA:314,42,0,3
BRDA:314,42,1,99
BRDA:319,43,0,2
BRDA:319,43,1,97
BRDA:332,44,0,0
BRDA:332,44,1,31
BRDA:332,45,0,31
BRDA:332,45,1,31
BRDA:338,46,0,2
BRDA:338,46,1,59
BRDA:338,47,0,61
BRDA:338,47,1,61
BRF:96
BRH:84
end_of_record
TN:
SF:src/core/detector.js
FN:30,(anonymous_0)
FN:48,(anonymous_1)
FN:73,(anonymous_2)
FN:103,(anonymous_3)
FN:138,(anonymous_4)
FN:154,(anonymous_5)
FN:217,(anonymous_6)
FN:225,(anonymous_7)
FN:342,(anonymous_8)
FN:351,(anonymous_9)
FN:373,(anonymous_10)
FN:394,(anonymous_11)
FN:408,(anonymous_12)
FNF:13
FNH:12
FNDA:69,(anonymous_0)
FNDA:69,(anonymous_1)
FNDA:3360,(anonymous_2)
FNDA:3319,(anonymous_3)
FNDA:3323,(anonymous_4)
FNDA:123,(anonymous_5)
FNDA:1102,(anonymous_6)
FNDA:0,(anonymous_7)
FNDA:3223,(anonymous_8)
FNDA:12,(anonymous_9)
FNDA:3,(anonymous_10)
FNDA:12,(anonymous_11)
FNDA:1019,(anonymous_12)
DA:16,1
DA:31,69
DA:40,69
DA:49,69
DA:54,69
DA:57,65
DA:61,65
DA:64,69
DA:75,3360
DA:77,3360
DA:78,1
DA:82,3359
DA:86,59
DA:90,3300
DA:105,3319
DA:106,0
DA:110,3319
DA:111,1
DA:114,3318
DA:115,15
DA:118,3303
DA:119,14
DA:122,3289
DA:123,21
DA:127,3268
DA:139,3323
DA:140,3323
DA:141,3323
DA:142,3323
DA:144,3323
DA:156,123
DA:157,2
DA:160,121
DA:161,2
DA:164,119
DA:165,1
DA:169,118
DA:170,2
DA:173,116
DA:174,116
DA:177,116
DA:179,115
DA:180,115
DA:183,115
DA:184,1108
DA:193,115
DA:196,115
DA:197,115
DA:199,115
DA:200,3
DA:206,115
DA:207,1108
DA:210,1108
DA:213,1
DA:217,1107
DA:218,1102
DA:220,1107
DA:221,1102
DA:225,5
DA:226,0
DA:229,5
DA:230,5
DA:235,115
DA:236,5
DA:241,5
DA:242,0
DA:243,0
DA:244,0
DA:246,5
DA:247,5
DA:248,5
DA:249,5
DA:252,5
DA:262,5
DA:265,5
DA:266,37
DA:273,116
DA:281,116
DA:282,580
DA:285,580
DA:286,3454
DA:287,3454
DA:290,3454
DA:291,3454
DA:292,8963
DA:293,120
DA:294,120
DA:298,3454
DA:299,120
DA:303,3334
DA:304,3334
DA:305,15
DA:311,3319
DA:312,1
DA:313,1
DA:314,1
DA:316,3318
DA:317,3318
DA:318,3318
DA:319,3318
DA:322,3319
DA:332,3319
DA:335,3319
DA:336,8828
DA:342,3223
DA:353,12
DA:354,0
DA:357,12
DA:358,0
DA:361,12
DA:362,1
DA:365,11
DA:366,0
DA:369,11
DA:372,11
DA:373,10
DA:375,3
DA:378,3
DA:380,0
DA:385,11
DA:393,11
DA:394,55
DA:395,12
DA:399,11
DA:410,1019
DA:411,0
DA:414,1019
DA:415,0
DA:418,1019
DA:419,1
DA:422,1018
DA:423,0
DA:427,1018
DA:428,1017
DA:429,1017
DA:431,1005
DA:432,1005
DA:433,1005
DA:436,1005
DA:443,13
DA:451,13
DA:452,58
DA:453,58
DA:455,9
DA:456,14
DA:457,8
DA:463,5
DA:467,1
LF:148
LH:136
BRDA:30,0,0,63
BRDA:54,1,0,65
BRDA:54,1,1,4
BRDA:57,2,0,65
BRDA:57,2,1,0
BRDA:77,3,0,1
BRDA:77,3,1,3359
BRDA:82,4,0,59
BRDA:82,4,1,3300
BRDA:82,5,0,3359
BRDA:82,5,1,3343
BRDA:82,5,2,3326
BRDA:82,5,3,3325
BRDA:91,6,0,3300
BRDA:91,6,1,22
BRDA:91,6,2,20
BRDA:91,6,3,20
BRDA:105,7,0,0
BRDA:105,7,1,3319
BRDA:105,8,0,3319
BRDA:105,8,1,3319
BRDA:105,8,2,0
BRDA:110,9,0,1
BRDA:110,9,1,3318
BRDA:114,10,0,15
BRDA:114,10,1,3303
BRDA:118,11,0,14
BRDA:118,11,1,3289
BRDA:122,12,0,21
BRDA:122,12,1,3268
BRDA:138,13,0,3323
BRDA:154,14,0,122
BRDA:156,15,0,2
BRDA:156,15,1,121
BRDA:156,16,0,123
BRDA:156,16,1,122
BRDA:160,17,0,2
BRDA:160,17,1,119
BRDA:164,18,0,1
BRDA:164,18,1,118
BRDA:169,19,0,2
BRDA:169,19,1,116
BRDA:177,20,0,115
BRDA:177,20,1,1
BRDA:177,21,0,116
BRDA:177,21,1,115
BRDA:210,22,0,1
BRDA:210,22,1,1107
BRDA:210,23,0,1108
BRDA:210,23,1,1107
BRDA:210,23,2,1107
BRDA:218,24,0,1102
BRDA:218,24,1,1102
BRDA:220,25,0,1102
BRDA:220,25,1,5
BRDA:226,26,0,0
BRDA:226,26,1,0
BRDA:229,27,0,5
BRDA:229,27,1,0
BRDA:241,28,0,0
BRDA:241,28,1,5
BRDA:292,29,0,120
BRDA:292,29,1,8843
BRDA:298,30,0,120
BRDA:298,30,1,3334
BRDA:304,31,0,15
BRDA:304,31,1,3319
BRDA:311,32,0,1
BRDA:311,32,1,3318
BRDA:353,33,0,0
BRDA:353,33,1,12
BRDA:353,34,0,12
BRDA:353,34,1,12
BRDA:357,35,0,0
BRDA:357,35,1,12
BRDA:361,36,0,1
BRDA:361,36,1,11
BRDA:365,37,0,0
BRDA:365,37,1,11
BRDA:372,38,0,10
BRDA:372,38,1,1
BRDA:372,39,0,11
BRDA:372,39,1,10
BRDA:375,40,0,3
BRDA:375,40,1,0
BRDA:375,41,0,3
BRDA:375,41,1,3
BRDA:375,41,2,3
BRDA:395,42,0,12
BRDA:395,42,1,0
BRDA:410,43,0,0
BRDA:410,43,1,1019
BRDA:410,44,0,1019
BRDA:410,44,1,1019
BRDA:414,45,0,0
BRDA:414,45,1,1019
BRDA:418,46,0,1
BRDA:418,46,1,1018
BRDA:422,47,0,0
BRDA:422,47,1,1018
BRDA:427,48,0,1017
BRDA:427,48,1,1
BRDA:427,49,0,1018
BRDA:427,49,1,1017
BRDA:429,50,0,1005
BRDA:429,50,1,12
BRDA:433,51,0,1005
BRDA:433,51,1,0
BRDA:433,52,0,1005
BRDA:433,52,1,1005
BRDA:433,52,2,1005
BRDA:453,53,0,9
BRDA:453,53,1,49
BRDA:456,54,0,8
BRDA:456,54,1,6
BRF:115
BRH:99
end_of_record
TN:
SF:src/core/scanner.js
FN:25,(anonymous_0)
FN:36,(anonymous_1)
FN:70,(anonymous_2)
FN:83,(anonymous_3)
FN:92,(anonymous_4)
FN:140,(anonymous_5)
FN:198,(anonymous_6)
FN:255,(anonymous_7)
FN:263,(anonymous_8)
FN:271,(anonymous_9)
FNF:10
FNH:7
FNDA:7,(anonymous_0)
FNDA:1,(anonymous_1)
FNDA:26,(anonymous_2)
FNDA:147,(anonymous_3)
FNDA:116,(anonymous_4)
FNDA:8,(anonymous_5)
FNDA:5,(anonymous_6)
FNDA:0,(anonymous_7)
FNDA:0,(anonymous_8)
FNDA:0,(anonymous_9)
DA:13,1
DA:26,7
DA:27,7
DA:28,7
DA:29,7
DA:37,1
DA:71,26
DA:84,147
DA:93,116
DA:95,116
DA:97,116
DA:98,2
DA:106,114
DA:109,114
DA:114,113
DA:122,3
DA:123,2
DA:126,1
DA:127,1
DA:141,8
DA:142,114
DA:143,114
DA:153,114
DA:155,114
DA:157,3
DA:158,3
DA:159,3
DA:160,3
DA:162,0
DA:170,111
DA:171,110
DA:172,110
DA:173,110
DA:174,110
DA:178,1
DA:179,1
DA:181,0
DA:189,114
DA:199,5
DA:201,5
DA:203,5
DA:204,1
DA:212,4
DA:213,0
DA:221,4
DA:223,4
DA:224,4
DA:225,10
DA:228,1
DA:236,3
DA:239,2
DA:240,2
DA:243,0
DA:256,0
DA:264,0
DA:272,0
DA:281,1
LF:57
LH:50
BRDA:25,0,0,0
BRDA:37,1,0,1
BRDA:37,1,1,0
BRDA:70,2,0,24
BRDA:97,3,0,2
BRDA:97,3,1,114
BRDA:122,4,0,2
BRDA:122,4,1,1
BRDA:126,5,0,1
BRDA:126,5,1,1
BRDA:155,6,0,3
BRDA:155,6,1,111
BRDA:157,7,0,3
BRDA:157,7,1,0
BRDA:178,8,0,1
BRDA:178,8,1,0
BRDA:203,9,0,1
BRDA:203,9,1,4
BRDA:212,10,0,0
BRDA:212,10,1,4
BRDA:231,11,0,1
BRDA:231,11,1,1
BRDA:239,12,0,2
BRDA:239,12,1,0
BRDA:246,13,0,0
BRDA:246,13,1,0
BRF:26
BRH:18
end_of_record
TN:
SF:src/utils/files.js
FN:83,isTextFile
FN:117,getFileStats
FN:133,readFileContent
FN:150,(anonymous_3)
FN:159,(anonymous_4)
FN:163,(anonymous_5)
FN:171,(anonymous_6)
FN:185,walkDirectory
FN:209,exists
FN:223,isDirectory
FN:237,normalizePath
FNF:11
FNH:10
FNDA:147,isTextFile
FNDA:117,getFileStats
FNDA:114,readFileContent
FNDA:1,(anonymous_3)
FNDA:1,(anonymous_4)
FNDA:1,(anonymous_5)
FNDA:0,(anonymous_6)
FNDA:8,walkDirectory
FNDA:124,exists
FNDA:4,isDirectory
FNDA:235,normalizePath
DA:5,1
DA:6,1
DA:7,1
DA:12,1
DA:44,1
DA:70,1
DA:84,147
DA:85,147
DA:88,147
DA:89,6
DA:93,141
DA:94,126
DA:98,15
DA:99,15
DA:104,0
DA:105,0
DA:109,0
DA:118,117
DA:119,117
DA:121,0
DA:134,114
DA:136,114
DA:137,114
DA:140,114
DA:141,113
DA:142,112
DA:150,1
DA:151,1
DA:157,1
DA:159,1
DA:160,1
DA:163,1
DA:164,1
DA:171,1
DA:172,0
DA:176,1
DA:186,8
DA:187,8
DA:189,7
DA:190,14
DA:192,14
DA:193,10
DA:194,4
DA:196,4
DA:200,1
DA:210,124
DA:211,124
DA:212,121
DA:214,3
DA:224,4
DA:225,4
DA:226,4
DA:228,0
DA:238,235
DA:241,1
LF:55
LH:49
BRDA:88,0,0,6
BRDA:88,0,1,141
BRDA:93,1,0,126
BRDA:93,1,1,15
BRDA:98,2,0,15
BRDA:98,2,1,0
BRDA:104,3,0,0
BRDA:104,3,1,0
BRDA:133,4,0,0
BRDA:134,5,0,0
BRDA:134,6,0,0
BRDA:140,7,0,113
BRDA:140,7,1,1
BRDA:192,8,0,10
BRDA:192,8,1,4
BRDA:194,9,0,4
BRDA:194,9,1,0
BRF:17
BRH:10
end_of_record
TN:
SF:src/utils/ignore.js
FN:37,shouldIgnoreLine
FN:57,shouldIgnoreFile
FN:81,parseIgnoreComments
FN:90,(anonymous_3)
FNF:4
FNH:4
FNDA:43,shouldIgnoreLine
FNDA:15,shouldIgnoreFile
FNDA:5,parseIgnoreComments
FNDA:8,(anonymous_3)
DA:8,2
DA:25,2
DA:38,43
DA:39,3
DA:43,40
DA:44,108
DA:45,25
DA:49,15
DA:58,15
DA:59,3
DA:63,12
DA:65,12
DA:66,23
DA:67,77
DA:68,9
DA:73,3
DA:82,5
DA:84,5
DA:85,3
DA:88,2
DA:90,2
DA:91,8
DA:92,2
DA:96,2
DA:99,2
LF:25
LH:25
BRDA:38,0,0,3
BRDA:38,0,1,40
BRDA:44,1,0,25
BRDA:44,1,1,83
BRDA:58,2,0,3
BRDA:58,2,1,12
BRDA:67,3,0,9
BRDA:67,3,1,68
BRDA:84,4,0,3
BRDA:84,4,1,2
BRDA:91,5,0,2
BRDA:91,5,1,6
BRF:12
BRH:12
end_of_record
TN:
SF:src/utils/patterns.js
FN:286,(anonymous_0)
FN:301,(anonymous_1)
FN:319,(anonymous_2)
FN:336,(anonymous_3)
FN:348,(anonymous_4)
FNF:5
FNH:0
FNDA:0,(anonymous_0)
FNDA:0,(anonymous_1)
FNDA:0,(anonymous_2)
FNDA:0,(anonymous_3)
FNDA:0,(anonymous_4)
DA:19,1
DA:163,1
DA:279,1
DA:287,0
DA:288,0
DA:289,0
DA:291,0
DA:302,0
DA:304,0
DA:307,0
DA:320,0
DA:321,0
DA:324,0
DA:337,0
DA:348,0
DA:349,0
DA:350,0
DA:351,0
DA:352,0
DA:355,0
DA:363,0
DA:364,0
DA:366,0
DA:374,1
DA:418,1
LF:25
LH:5
BRDA:302,0,0,0
BRDA:302,0,1,0
BRDA:319,1,0,0
BRDA:351,2,0,0
BRDA:351,2,1,0
BRF:5
BRH:0
end_of_record
